2024-04-28 10:19:42 INFO base-controller.ts: Creating entity with request payload [object Object]
2024-04-28 10:19:42 INFO base-service.ts: Creating entity with data [object Object]
2024-04-28 10:19:42 INFO base-repository.ts: Saving entity in table contacts
2024-04-28 10:27:53 INFO base-controller.ts: Creating entity with request payload [object Object]
2024-04-28 10:27:53 INFO base-service.ts: Creating entity with data [object Object]
2024-04-28 10:27:53 INFO base-repository.ts: Saving entity in table contacts
2024-04-28 10:29:19 INFO base-service.ts: Getting all entities
2024-04-28 10:29:19 INFO base-repository.ts: Finding all entities from table contacts
2024-04-28 10:29:19 INFO base-controller.ts: Getting all entities
2024-04-28 10:31:52 INFO base-controller.ts: Creating entity with request payload {"firstName":"Leonard","lastName":"Peltea","email":"leonard.peltea@yahoo.com","message":"Hello"}
2024-04-28 10:31:52 INFO base-service.ts: Creating entity with data {"firstName":"Leonard","lastName":"Peltea","email":"leonard.peltea@yahoo.com","message":"Hello"}
2024-04-28 10:31:52 INFO base-repository.ts: Saving entity in table contacts
2024-04-28 10:32:00 INFO base-controller.ts: Creating entity with request payload {"firstName":"Leonard","lastName":"Peltea","email":"leonard.peltea1@yahoo.com","message":"Hello"}
2024-04-28 10:32:00 INFO base-service.ts: Creating entity with data {"firstName":"Leonard","lastName":"Peltea","email":"leonard.peltea1@yahoo.com","message":"Hello"}
2024-04-28 10:32:00 INFO base-repository.ts: Saving entity in table contacts
2024-04-28 11:11:18 INFO base-controller.ts: Getting all entities
2024-04-28 11:11:18 INFO base-service.ts: Getting all entities
2024-04-28 11:11:18 INFO base-repository.ts: Finding all entities from table contacts
2024-04-28 11:12:15 INFO base-service.ts: Getting entity by id 09eeda1e-ef7c-4244-94e6-9ed83cfeb577
2024-04-28 11:12:15 INFO base-repository.ts: Finding entity by id from table contacts
2024-04-28 11:13:19 INFO base-service.ts: Getting entity by id 09eeda1e-ef7c-4244-94e6-9ed83cfeb577
2024-04-28 11:13:19 INFO base-repository.ts: Finding entity by id from table contacts
2024-04-28 11:14:52 INFO base-service.ts: Getting entity by first name undefined
2024-04-28 11:14:52 INFO base-repository.ts: Finding entity by first name from table contacts
2024-04-28 11:20:56 INFO base-service.ts: Getting entity by last name undefined
2024-04-28 11:20:56 INFO base-repository.ts: Finding entity by last name from table contacts
2024-04-28 11:22:18 INFO base-service.ts: Getting entity by email undefined
2024-04-28 11:22:18 INFO base-repository.ts: Finding entity by email from table contacts
2024-04-28 11:23:15 INFO base-service.ts: Getting entity by message undefined
2024-04-28 11:23:15 INFO base-repository.ts: Finding entity by message from table contacts
2024-04-28 11:23:57 INFO base-service.ts: Getting entity by first name undefined
2024-04-28 11:23:57 INFO base-repository.ts: Finding entity by first name from table contacts
2024-04-28 11:26:53 INFO base-service.ts: Getting entity by first name Leonard
2024-04-28 11:26:53 INFO base-repository.ts: Finding entity by first name from table contacts
2024-04-28 11:27:02 INFO base-service.ts: Getting entity by last name Peltea
2024-04-28 11:27:02 INFO base-repository.ts: Finding entity by last name from table contacts
2024-04-28 11:27:12 INFO base-service.ts: Getting entity by email leonard.peltea@yahoo.com
2024-04-28 11:27:12 INFO base-repository.ts: Finding entity by email from table contacts
2024-04-28 11:27:18 INFO base-service.ts: Getting entity by message Hello
2024-04-28 11:27:18 INFO base-repository.ts: Finding entity by message from table contacts
2024-04-28 11:29:09 INFO base-service.ts: Updating entity by id 09eeda1e-ef7c-4244-94e6-9ed83cfeb577 with data undefined
2024-04-28 11:29:09 INFO base-repository.ts: Updating entity by id from table contacts
2024-04-28 11:31:32 INFO base-service.ts: Updating entity by id 09eeda1e-ef7c-4244-94e6-9ed83cfeb577 with data undefined
2024-04-28 11:31:32 INFO base-repository.ts: Updating entity by id from table contacts with data undefined
2024-04-28 11:36:31 INFO base-service.ts: Updating entity by id 09eeda1e-ef7c-4244-94e6-9ed83cfeb577 with data [object Object]
2024-04-28 11:36:31 INFO base-repository.ts: Updating entity by id from table contacts with data {"firstName":"Leonar","lastName":"Pelte","email":"leonard.pelt1@yahoo.com","message":"Hello World"}
2024-04-28 11:36:31 INFO base-repository.ts: Finding entity by id from table contacts
2024-04-28 11:38:06 INFO base-service.ts: Deleting all entities
2024-04-28 11:38:06 INFO base-repository.ts: Deleting all entities from table contacts
2024-04-28 11:38:13 INFO base-controller.ts: Creating entity with request payload {"firstName":"Leonard","lastName":"Peltea","email":"leonard.peltea1@yahoo.com","message":"Hello"}
2024-04-28 11:38:13 INFO base-service.ts: Creating entity with data {"firstName":"Leonard","lastName":"Peltea","email":"leonard.peltea1@yahoo.com","message":"Hello"}
2024-04-28 11:38:13 INFO base-repository.ts: Saving entity in table contacts
2024-04-28 11:38:18 INFO base-controller.ts: Getting all entities
2024-04-28 11:38:18 INFO base-service.ts: Getting all entities
2024-04-28 11:38:18 INFO base-repository.ts: Finding all entities from table contacts
2024-04-28 11:38:59 INFO base-service.ts: Deleting entity by id 58a8eb0b-2bcd-41c7-be3a-5d57ab6d6e05
2024-04-28 11:38:59 INFO base-repository.ts: Deleting entity by id from table contacts
2024-04-28 11:39:55 INFO base-service.ts: Deleting all entities
2024-04-28 11:39:55 INFO base-repository.ts: Deleting all entities from table contacts
2024-04-28 11:41:17 INFO base-controller.ts: Creating entity with request payload {"firstName":"Leonard","lastName":"Peltea","email":"leonard.peltea1@yahoo.com","message":"Hello"}
2024-04-28 11:41:17 INFO base-service.ts: Creating entity with data {"firstName":"Leonard","lastName":"Peltea","email":"leonard.peltea1@yahoo.com","message":"Hello"}
2024-04-28 11:41:17 INFO base-repository.ts: Saving entity in table contacts
2024-04-28 11:41:34 INFO base-service.ts: Deleting entity by first name undefined
2024-04-28 11:41:34 INFO base-repository.ts: Deleting entity by first name from table contacts
2024-04-28 11:41:35 INFO base-service.ts: Deleting entity by first name undefined
2024-04-28 11:41:35 INFO base-repository.ts: Deleting entity by first name from table contacts
2024-04-28 11:42:46 INFO base-service.ts: Deleting entity by first name undefined
2024-04-28 11:42:46 INFO base-repository.ts: Deleting entity by first name from table contacts
2024-04-28 11:42:54 INFO base-controller.ts: Creating entity with request payload {"firstName":"Leonard","lastName":"Peltea","email":"leonard.peltea1@yahoo.com","message":"Hello"}
2024-04-28 11:42:54 INFO base-service.ts: Creating entity with data {"firstName":"Leonard","lastName":"Peltea","email":"leonard.peltea1@yahoo.com","message":"Hello"}
2024-04-28 11:42:54 INFO base-repository.ts: Saving entity in table contacts
2024-04-28 11:45:07 INFO base-service.ts: Deleting entity by first name undefined
2024-04-28 11:45:07 INFO base-repository.ts: Deleting entity by first name from table contacts
2024-04-28 11:45:16 INFO base-controller.ts: Creating entity with request payload {"firstName":"Leonard","lastName":"Peltea","email":"leonard.peltea1@yahoo.com","message":"Hello"}
2024-04-28 11:45:16 INFO base-service.ts: Creating entity with data {"firstName":"Leonard","lastName":"Peltea","email":"leonard.peltea1@yahoo.com","message":"Hello"}
2024-04-28 11:45:16 INFO base-repository.ts: Saving entity in table contacts
2024-04-28 11:45:25 INFO base-controller.ts: Creating entity with request payload {"firstName":"Leonar","lastName":"Peltea","email":"leonard.peltea1@yahoo.com","message":"Hello"}
2024-04-28 11:45:25 INFO base-service.ts: Creating entity with data {"firstName":"Leonar","lastName":"Peltea","email":"leonard.peltea1@yahoo.com","message":"Hello"}
2024-04-28 11:45:25 INFO base-repository.ts: Saving entity in table contacts
2024-04-28 11:45:31 INFO base-controller.ts: Getting all entities
2024-04-28 11:45:31 INFO base-service.ts: Getting all entities
2024-04-28 11:45:31 INFO base-repository.ts: Finding all entities from table contacts
2024-04-28 11:45:40 INFO base-service.ts: Deleting entity by first name undefined
2024-04-28 11:45:40 INFO base-repository.ts: Deleting entity by first name from table contacts
2024-04-28 11:45:51 INFO base-controller.ts: Getting all entities
2024-04-28 11:45:51 INFO base-service.ts: Getting all entities
2024-04-28 11:45:51 INFO base-repository.ts: Finding all entities from table contacts
2024-04-28 11:45:58 INFO base-service.ts: Deleting entity by first name undefined
2024-04-28 11:45:58 INFO base-repository.ts: Deleting entity by first name from table contacts
2024-04-28 11:46:20 INFO base-service.ts: Deleting entity by last name Peltea
2024-04-28 11:46:20 INFO base-repository.ts: Deleting entity by last name from table contacts
2024-04-28 11:46:30 INFO base-controller.ts: Creating entity with request payload {"firstName":"Leonard","lastName":"Peltea","email":"leonard.peltea1@yahoo.com","message":"Hello"}
2024-04-28 11:46:30 INFO base-service.ts: Creating entity with data {"firstName":"Leonard","lastName":"Peltea","email":"leonard.peltea1@yahoo.com","message":"Hello"}
2024-04-28 11:46:31 INFO base-repository.ts: Saving entity in table contacts
2024-04-28 11:46:36 INFO base-controller.ts: Getting all entities
2024-04-28 11:46:36 INFO base-service.ts: Getting all entities
2024-04-28 11:46:36 INFO base-repository.ts: Finding all entities from table contacts
2024-04-28 11:46:41 INFO base-service.ts: Deleting entity by first name undefined
2024-04-28 11:46:41 INFO base-repository.ts: Deleting entity by first name from table contacts
2024-04-28 11:47:32 INFO base-controller.ts: Getting all entities
2024-04-28 11:47:32 INFO base-service.ts: Getting all entities
2024-04-28 11:47:32 INFO base-repository.ts: Finding all entities from table contacts
2024-04-28 11:48:21 INFO base-service.ts: Deleting entity by first name Leonard
2024-04-28 11:48:21 INFO base-repository.ts: Deleting entities by first name Leonard from table contacts
2024-04-28 11:48:59 INFO base-controller.ts: Creating entity with request payload {"firstName":"Leonard","lastName":"Peltea","email":"leonard.peltea1@yahoo.com","message":"Hello"}
2024-04-28 11:48:59 INFO base-service.ts: Creating entity with data {"firstName":"Leonard","lastName":"Peltea","email":"leonard.peltea1@yahoo.com","message":"Hello"}
2024-04-28 11:48:59 INFO base-repository.ts: Saving entity in table contacts
2024-04-28 11:49:55 INFO base-service.ts: Deleting entity by email leonard.peltea@yahoo.com
2024-04-28 11:49:55 INFO base-repository.ts: Deleting entity by email from table contacts
2024-04-28 11:50:43 INFO base-controller.ts: Creating entity with request payload {"firstName":"Leonard","lastName":"Peltea","email":"leonard.peltea1@yahoo.com","message":"Hello"}
2024-04-28 11:50:43 INFO base-service.ts: Creating entity with data {"firstName":"Leonard","lastName":"Peltea","email":"leonard.peltea1@yahoo.com","message":"Hello"}
2024-04-28 11:50:43 INFO base-repository.ts: Saving entity in table contacts
2024-04-28 11:51:08 INFO base-service.ts: Deleting entity by message Hello
2024-04-28 11:51:08 INFO base-repository.ts: Deleting entity by message from table contacts
2024-04-28 11:52:31 INFO base-controller.ts: Creating entity with request payload {"firstName":"Leonard","lastName":"Peltea","email":"leonard.peltea1@yahoo.com","message":"Hello"}
2024-04-28 11:52:31 INFO base-service.ts: Creating entity with data {"firstName":"Leonard","lastName":"Peltea","email":"leonard.peltea1@yahoo.com","message":"Hello"}
2024-04-28 11:52:31 INFO base-repository.ts: Saving entity in table contacts
2024-04-28 11:52:38 INFO base-controller.ts: Creating entity with request payload {"firstName":"Leonar","lastName":"Peltea","email":"leonard.peltea1@yahoo.com","message":"Hello"}
2024-04-28 11:52:38 INFO base-service.ts: Creating entity with data {"firstName":"Leonar","lastName":"Peltea","email":"leonard.peltea1@yahoo.com","message":"Hello"}
2024-04-28 11:52:38 INFO base-repository.ts: Saving entity in table contacts
2024-04-28 11:52:48 INFO base-controller.ts: Creating entity with request payload {"firstName":"Leonar","lastName":"Peltea","email":"leonard.peltea@yahoo.com","message":"Hello"}
2024-04-28 11:52:48 INFO base-service.ts: Creating entity with data {"firstName":"Leonar","lastName":"Peltea","email":"leonard.peltea@yahoo.com","message":"Hello"}
2024-04-28 11:52:48 INFO base-repository.ts: Saving entity in table contacts
2024-04-28 11:52:55 INFO base-controller.ts: Creating entity with request payload {"firstName":"Leonar","lastName":"Peltea","email":"leonard.peltea2@yahoo.com","message":"Hello"}
2024-04-28 11:52:55 INFO base-service.ts: Creating entity with data {"firstName":"Leonar","lastName":"Peltea","email":"leonard.peltea2@yahoo.com","message":"Hello"}
2024-04-28 11:52:55 INFO base-repository.ts: Saving entity in table contacts
2024-04-28 11:53:00 INFO base-controller.ts: Getting all entities
2024-04-28 11:53:00 INFO base-service.ts: Getting all entities
2024-04-28 11:53:00 INFO base-repository.ts: Finding all entities from table contacts
2024-04-28 11:53:43 INFO base-service.ts: Deleting entity by id selected
2024-04-28 11:53:43 INFO base-repository.ts: Deleting entity by id from table contacts
2024-04-28 11:55:05 INFO base-service.ts: Deleting entity by id selected
2024-04-28 11:55:05 INFO base-repository.ts: Deleting entity by id from table contacts
2024-04-28 11:55:31 INFO base-service.ts: Deleting entity by ids f4b4693f-b67d-48fe-9e77-727373a794be,dae2a36e-b34c-486a-b571-86115b5c4e90 selected 
2024-04-28 11:55:31 INFO base-repository.ts: Deleting all selected entities by ids f4b4693f-b67d-48fe-9e77-727373a794be,dae2a36e-b34c-486a-b571-86115b5c4e90 from table contacts
2024-04-28 11:56:53 INFO base-controller.ts: Getting all entities
2024-04-28 11:56:53 INFO base-service.ts: Getting all entities
2024-04-28 11:56:54 INFO base-repository.ts: Finding all entities from table contacts
2024-04-28 13:37:52 INFO base-controller.ts: Creating with request payload {"firstName":"Leonar","lastName":"Peltea","email":"leonard.peltea2@yahoo.com","message":"Hello"}
2024-04-28 13:37:52 INFO base-service.ts: Creating contact with data {"firstName":"Leonar","lastName":"Peltea","email":"leonard.peltea2@yahoo.com","message":"Hello"}
2024-04-28 13:37:52 INFO base-repository.ts: Saving contact in table contacts
2024-04-28 13:38:01 INFO base-controller.ts: Creating with request payload {"firstName":"Leonar","lastName":"Peltea","email":"leonard.peltea3@yahoo.com","message":"Hello"}
2024-04-28 13:38:01 INFO base-service.ts: Creating contact with data {"firstName":"Leonar","lastName":"Peltea","email":"leonard.peltea3@yahoo.com","message":"Hello"}
2024-04-28 13:38:01 INFO base-repository.ts: Saving contact in table contacts
2024-04-28 13:41:40 INFO base-controller.ts: Creating with request payload {"firstName":"Leonar","lastName":"Peltea","email":"leonard.peltea3@yahoo.com","message":"Hello"}
2024-04-28 13:41:40 INFO base-service.ts: Creating contact with data {"firstName":"Leonar","lastName":"Peltea","email":"leonard.peltea3@yahoo.com","message":"Hello"}
2024-04-28 13:41:40 INFO base-repository.ts: Saving contact in table contacts
2024-04-28 13:41:45 INFO base-controller.ts: Creating with request payload {"firstName":"Leonar","lastName":"Peltea","email":"leonard.peltea4@yahoo.com","message":"Hello"}
2024-04-28 13:41:45 INFO base-service.ts: Creating contact with data {"firstName":"Leonar","lastName":"Peltea","email":"leonard.peltea4@yahoo.com","message":"Hello"}
2024-04-28 13:41:45 INFO base-repository.ts: Saving contact in table contacts
2024-04-28 13:43:17 INFO base-controller.ts: Creating with request payload {"firstName":"Leonar","lastName":"Peltea","email":"leonard.peltea5@yahoo.com","message":"Hello"}
2024-04-28 13:43:17 INFO base-service.ts: Creating contact with data {"firstName":"Leonar","lastName":"Peltea","email":"leonard.peltea5@yahoo.com","message":"Hello"}
2024-04-28 13:43:17 INFO base-repository.ts: Saving contact in table contacts
